[debug] [2024-07-17T19:29:16.613Z] ----------------------------------------------------------------------
[debug] [2024-07-17T19:29:16.615Z] Command:       C:\Program Files\nodejs\node.exe C:\Users\rochi\AppData\Roaming\npm\node_modules\firebase-tools\lib\bin\firebase.js init
[debug] [2024-07-17T19:29:16.616Z] CLI Version:   13.13.3
[debug] [2024-07-17T19:29:16.616Z] Platform:      win32
[debug] [2024-07-17T19:29:16.616Z] Node Version:  v18.17.0
[debug] [2024-07-17T19:29:16.617Z] Time:          Wed Jul 17 2024 14:29:16 GMT-0500 (hora estándar de Colombia)
[debug] [2024-07-17T19:29:16.617Z] ----------------------------------------------------------------------
[debug] 
[debug] [2024-07-17T19:29:16.621Z] >>> [apiv2][query] GET https://firebase-public.firebaseio.com/cli.json [none]
[debug] [2024-07-17T19:29:16.677Z] > command requires scopes: ["email","openid","https://www.googleapis.com/auth/cloudplatformprojects.readonly","https://www.googleapis.com/auth/firebase","https://www.googleapis.com/auth/cloud-platform"]
[debug] [2024-07-17T19:29:16.677Z] > authorizing via signed-in user (lassofabian36@gmail.com)
[info] 
     ######## #### ########  ######## ########     ###     ######  ########
     ##        ##  ##     ## ##       ##     ##  ##   ##  ##       ##
     ######    ##  ########  ######   ########  #########  ######  ######
     ##        ##  ##    ##  ##       ##     ## ##     ##       ## ##
     ##       #### ##     ## ######## ########  ##     ##  ######  ########

You're about to initialize a Firebase project in this directory:

  C:\Users\rochi\Documents\agileStore\AgileStore

[debug] [2024-07-17T19:29:16.897Z] <<< [apiv2][status] GET https://firebase-public.firebaseio.com/cli.json 200
[debug] [2024-07-17T19:29:16.898Z] <<< [apiv2][body] GET https://firebase-public.firebaseio.com/cli.json {"cloudBuildErrorAfter":1594252800000,"cloudBuildWarnAfter":1590019200000,"defaultNode10After":1594252800000,"minVersion":"3.0.5","node8DeploysDisabledAfter":1613390400000,"node8RuntimeDisabledAfter":1615809600000,"node8WarnAfter":1600128000000}
